proguard/seeds.txt
com.ruyicai.android.controller.activity.BaseActivity
com.ruyicai.android.controller.activity.BaseActivity: BaseActivity()
com.ruyicai.android.controller.activity.functions.FunctionsActivity
com.ruyicai.android.controller.activity.functions.FunctionsActivity: FunctionsActivity()
com.ruyicai.android.controller.activity.functions.FunctionsActivity: void onClick(android.view.View)
com.ruyicai.android.controller.activity.home.HomeActivity
com.ruyicai.android.controller.activity.home.HomeActivity: HomeActivity()
com.ruyicai.android.controller.activity.home.accountrecharge.AccountRechargeActivity
com.ruyicai.android.controller.activity.home.accountrecharge.AccountRechargeActivity: AccountRechargeActivity()
com.ruyicai.android.controller.activity.home.buylotteryhall.ActionCenterActivity
com.ruyicai.android.controller.activity.home.buylotteryhall.ActionCenterActivity: ActionCenterActivity()
com.ruyicai.android.controller.activity.home.buylotteryhall.BuyLotteryHallActivity
com.ruyicai.android.controller.activity.home.buylotteryhall.BuyLotteryHallActivity: BuyLotteryHallActivity()
com.ruyicai.android.controller.activity.home.buylotteryhall.BuyLotteryHallActivity: void onClick(android.view.View)
com.ruyicai.android.controller.activity.home.buylotteryhall.LotteryInformationActivity
com.ruyicai.android.controller.activity.home.buylotteryhall.LotteryInformationActivity: LotteryInformationActivity()
com.ruyicai.android.controller.activity.home.buylotteryhall.LucklyPickActivity
com.ruyicai.android.controller.activity.home.buylotteryhall.LucklyPickActivity: LucklyPickActivity()
com.ruyicai.android.controller.activity.home.buylotteryhall.activitygroups.SpinnersActivityGroup
com.ruyicai.android.controller.activity.home.buylotteryhall.activitygroups.SpinnersActivityGroup: SpinnersActivityGroup()
com.ruyicai.android.controller.activity.home.buylotteryhall.arrange3.ArrangeThreeActivityGroup
com.ruyicai.android.controller.activity.home.buylotteryhall.arrange3.ArrangeThreeActivityGroup: ArrangeThreeActivityGroup()
com.ruyicai.android.controller.activity.home.buylotteryhall.arrange3.ArrangeThreeGroupSixActivity
com.ruyicai.android.controller.activity.home.buylotteryhall.arrange3.ArrangeThreeGroupSixActivity: ArrangeThreeGroupSixActivity()
com.ruyicai.android.controller.activity.home.buylotteryhall.arrange3.ArrangeThreeGroupThreeActivity
com.ruyicai.android.controller.activity.home.buylotteryhall.arrange3.ArrangeThreeGroupThreeActivity: ArrangeThreeGroupThreeActivity()
com.ruyicai.android.controller.activity.home.buylotteryhall.arrange3.ArrangeThreeSelfSelectActivity
com.ruyicai.android.controller.activity.home.buylotteryhall.arrange3.ArrangeThreeSelfSelectActivity: ArrangeThreeSelfSelectActivity()
com.ruyicai.android.controller.activity.home.buylotteryhall.arrange5.ArrangeFiveActivityGroup
com.ruyicai.android.controller.activity.home.buylotteryhall.arrange5.ArrangeFiveActivityGroup: ArrangeFiveActivityGroup()
com.ruyicai.android.controller.activity.home.buylotteryhall.arrange5.ArrangeFiveRandomSelectActivity
com.ruyicai.android.controller.activity.home.buylotteryhall.arrange5.ArrangeFiveRandomSelectActivity: ArrangeFiveRandomSelectActivity()
com.ruyicai.android.controller.activity.home.buylotteryhall.arrange5.ArrangeFiveSelfSelectActivity
com.ruyicai.android.controller.activity.home.buylotteryhall.arrange5.ArrangeFiveSelfSelectActivity: ArrangeFiveSelfSelectActivity()
com.ruyicai.android.controller.activity.home.buylotteryhall.betinformation.AppendInformationActivity
com.ruyicai.android.controller.activity.home.buylotteryhall.betinformation.BetInformationActivity
com.ruyicai.android.controller.activity.home.buylotteryhall.betinformation.BetInformationActivityGroup
com.ruyicai.android.controller.activity.home.buylotteryhall.betinformation.PresentInformationActivity
com.ruyicai.android.controller.activity.home.buylotteryhall.betinformation.PresentInformationActivity: PresentInformationActivity()
...
android.support.v4.widget.SearchViewCompat$SearchViewCompatHoneycombImpl$1
android.support.v4.widget.SearchViewCompat$SearchViewCompatHoneycombImpl$1: android.support.v4.widget.SearchViewCompat$OnQueryTextListenerCompat val$listener
android.support.v4.widget.SearchViewCompat$SearchViewCompatHoneycombImpl$1: android.support.v4.widget.SearchViewCompat$SearchViewCompatHoneycombImpl this$0
android.support.v4.widget.SearchViewCompat$SearchViewCompatHoneycombImpl$1: SearchViewCompat$SearchViewCompatHoneycombImpl$1(android.support.v4.widget.SearchViewCompat$SearchViewCompatHoneycombImpl,android.support.v4.widget.SearchViewCompat$OnQueryTextListenerCompat)
android.support.v4.widget.SearchViewCompat$SearchViewCompatHoneycombImpl$1: boolean onQueryTextSubmit(java.lang.String)
android.support.v4.widget.SearchViewCompat$SearchViewCompatHoneycombImpl$1: boolean onQueryTextChange(java.lang.String)
android.support.v4.widget.SearchViewCompat$SearchViewCompatImpl
android.support.v4.widget.SearchViewCompat$SearchViewCompatImpl: android.view.View newSearchView(android.content.Context)
android.support.v4.widget.SearchViewCompat$SearchViewCompatImpl: java.lang.Object newOnQueryTextListener(android.support.v4.widget.SearchViewCompat$OnQueryTextListenerCompat)
android.support.v4.widget.SearchViewCompat$SearchViewCompatImpl: void setOnQueryTextListener(java.lang.Object,java.lang.Object)
android.support.v4.widget.SearchViewCompat$SearchViewCompatStubImpl
android.support.v4.widget.SearchViewCompat$SearchViewCompatStubImpl: SearchViewCompat$SearchViewCompatStubImpl()
android.support.v4.widget.SearchViewCompat$SearchViewCompatStubImpl: android.view.View newSearchView(android.content.Context)
android.support.v4.widget.SearchViewCompat$SearchViewCompatStubImpl: java.lang.Object newOnQueryTextListener(android.support.v4.widget.SearchViewCompat$OnQueryTextListenerCompat)
android.support.v4.widget.SearchViewCompat$SearchViewCompatStubImpl: void setOnQueryTextListener(java.lang.Object,java.lang.Object)
android.support.v4.widget.SearchViewCompatHoneycomb
android.support.v4.widget.SearchViewCompatHoneycomb: SearchViewCompatHoneycomb()
android.support.v4.widget.SearchViewCompatHoneycomb: android.view.View newSearchView(android.content.Context)
android.support.v4.widget.SearchViewCompatHoneycomb: java.lang.Object newOnQueryTextListener(android.support.v4.widget.SearchViewCompatHoneycomb$OnQueryTextListenerCompatBridge)
android.support.v4.widget.SearchViewCompatHoneycomb: void setOnQueryTextListener(java.lang.Object,java.lang.Object)
android.support.v4.widget.SearchViewCompatHoneycomb$1
android.support.v4.widget.SearchViewCompatHoneycomb$1: android.support.v4.widget.SearchViewCompatHoneycomb$OnQueryTextListenerCompatBridge val$listener
android.support.v4.widget.SearchViewCompatHoneycomb$1: SearchViewCompatHoneycomb$1(android.support.v4.widget.SearchViewCompatHoneycomb$OnQueryTextListenerCompatBridge)
android.support.v4.widget.SearchViewCompatHoneycomb$1: boolean onQueryTextSubmit(java.lang.String)
android.support.v4.widget.SearchViewCompatHoneycomb$1: boolean onQueryTextChange(java.lang.String)
android.support.v4.widget.SearchViewCompatHoneycomb$OnQueryTextListenerCompatBridge
android.support.v4.widget.SearchViewCompatHoneycomb$OnQueryTextListenerCompatBridge: boolean onQueryTextSubmit(java.lang.String)
android.support.v4.widget.SearchViewCompatHoneycomb$OnQueryTextListenerCompatBridge: boolean onQueryTextChange(java.lang.String)