proguard/mapping.txt
com.ruyicai.android.controller.activity.BaseActivity -> com.ruyicai.android.controller.activity.BaseActivity:
    boolean onKeyDown(int,android.view.KeyEvent) -> onKeyDown
    android.app.Dialog onCreateDialog(int) -> onCreateDialog
com.ruyicai.android.controller.activity.functions.FunctionsActivity -> com.ruyicai.android.controller.activity.functions.FunctionsActivity:
    int[] functionImages -> c
    android.support.v4.view.ViewPager _fFunctionsViewPager -> d
    android.view.WindowManager _fWindowManager -> a
    android.view.LayoutInflater _fLayoutInflater -> b
    void onCreate(android.os.Bundle) -> onCreate
    void onClick(android.view.View) -> onClick
com.ruyicai.android.controller.activity.home.HomeActivity -> com.ruyicai.android.controller.activity.home.HomeActivity:
    java.lang.String[] tabsTagStrings -> b
    int[] tabsIconImages -> c
    java.lang.Class[] tabsDestinationClasses -> d
    android.widget.TabHost _fNavigationBarTabHost -> a
    void onCreate(android.os.Bundle) -> onCreate
com.ruyicai.android.controller.activity.home.accountrecharge.AccountRechargeActivity -> com.ruyicai.android.controller.activity.home.accountrecharge.AccountRechargeActivity:
    com.ruyicai.android.controller.compontent.bar.TitleBar _fTitleBar -> a
    android.widget.ListView _fRechargeMethodListView -> b
    void onCreate(android.os.Bundle) -> onCreate
    com.ruyicai.android.controller.compontent.bar.TitleBar access$0(com.ruyicai.android.controller.activity.home.accountrecharge.AccountRechargeActivity) -> a
com.ruyicai.android.controller.activity.home.accountrecharge.AccountRechargeActivity$AccountRechargeTitleBarInterface -> com.ruyicai.android.controller.activity.home.accountrecharge.a:
    com.ruyicai.android.controller.activity.home.accountrecharge.AccountRechargeActivity this$0 -> a
    void setTitleTextView() -> b_
    void setTitleButton() -> b
com.ruyicai.android.controller.activity.home.accountrecharge.AccountRechargeActivity$AccountRechargeTitleBarInterface$1 -> com.ruyicai.android.controller.activity.home.accountrecharge.b:
    com.ruyicai.android.controller.activity.home.accountrecharge.AccountRechargeActivity$AccountRechargeTitleBarInterface this$1 -> a
    void onClick(android.view.View) -> onClick
com.ruyicai.android.controller.activity.home.buylotteryhall.ActionCenterActivity -> com.ruyicai.android.controller.activity.home.buylotteryhall.ActionCenterActivity:
    void onCreate(android.os.Bundle) -> onCreate
com.ruyicai.android.controller.activity.home.buylotteryhall.BuyLotteryHallActivity -> com.ruyicai.android.controller.activity.home.buylotteryhall.BuyLotteryHallActivity:
    java.util.List _fViewList -> a
    com.ruyicai.android.controller.compontent.bar.TitleBar _fTitleBar -> b
    android.support.v4.view.ViewPager _fPanelViewPager -> c
    com.ruyicai.android.controller.compontent.pagerindicator.BuyLotteryHallPageIndicator _fPageIndicator -> d
    android.widget.Button _fLotteryInfoButton -> e
    android.widget.Button _fActionCenterButton -> f
    android.widget.Button _fLucklyPickButton -> g
    void onCreate(android.os.Bundle) -> onCreate
    java.util.List getBuyLotteryPannelViewList() -> b
    java.util.List distributePanelItemOfPrePage() -> c
    void onClick(android.view.View) -> onClick
    void goToDestinationScreen(java.lang.Class) -> a
    void onPageScrollStateChanged(int) -> onPageScrollStateChanged
    void onPageScrolled(int,float,int) -> onPageScrolled
    void onPageSelected(int) -> onPageSelected
    com.ruyicai.android.controller.compontent.bar.TitleBar access$0(com.ruyicai.android.controller.activity.home.buylotteryhall.BuyLotteryHallActivity) -> a
com.ruyicai.android.controller.activity.home.buylotteryhall.BuyLotteryHallActivity$BuyLotteryHallTitleBarInterface -> com.ruyicai.android.controller.activity.home.buylotteryhall.a:
    com.ruyicai.android.controller.activity.home.buylotteryhall.BuyLotteryHallActivity this$0 -> a
    void setTitleTextView() -> b_
    void setTitleButton() -> b
...
com.google.inject.internal.AbstractBindingProcessor -> com.a.a.b.b:
    java.util.Set FORBIDDEN_TYPES -> d
    com.google.inject.internal.ProcessedBindingData bindingData -> a
    com.google.inject.internal.UntargettedBindingImpl invalidBinding(com.google.inject.internal.InjectorImpl,com.google.inject.Key,java.lang.Object) -> a
    void putBinding(com.google.inject.internal.BindingImpl) -> a
    void access$000(com.google.inject.internal.AbstractBindingProcessor,java.lang.Object,com.google.inject.Key) -> a
com.google.inject.internal.AbstractBindingProcessor$Processor -> com.a.a.b.c:
    java.lang.Object source -> a
    com.google.inject.Key key -> b
    java.lang.Class rawType -> c
    com.google.inject.internal.Scoping scoping -> d
    com.google.inject.internal.AbstractBindingProcessor this$0 -> e
    void prepareBinding() -> a
    void scheduleInitialization(com.google.inject.internal.BindingImpl) -> a
com.google.inject.internal.AbstractBindingProcessor$Processor$1 -> com.a.a.b.d:
    com.google.inject.internal.BindingImpl val$binding -> a
    com.google.inject.internal.AbstractBindingProcessor$Processor this$1 -> b
    void run() -> run
com.google.inject.internal.AbstractProcessor -> com.a.a.b.e:
    com.google.inject.internal.Errors errors -> b
    com.google.inject.internal.InjectorImpl injector -> c
    void process(java.lang.Iterable) -> a
    void process(com.google.inject.internal.InjectorImpl,java.util.List) -> a
    java.lang.Object visitOther$4d884c37() -> a
com.google.inject.internal.Annotations -> com.a.a.b.f:
    com.google.inject.internal.Annotations$AnnotationChecker scopeChecker -> a
    com.google.inject.internal.Annotations$AnnotationChecker bindingAnnotationChecker -> b
    boolean isMarker(java.lang.Class) -> a
    boolean isRetainedAtRuntime(java.lang.Class) -> b
    java.lang.Class findScopeAnnotation(com.google.inject.internal.Errors,java.lang.Class) -> a
    java.lang.Class findScopeAnnotation(com.google.inject.internal.Errors,java.lang.annotation.Annotation[]) -> a
    boolean isScopeAnnotation(java.lang.Class) -> c
    void checkForMisplacedScopeAnnotations(java.lang.Class,java.lang.Object,com.google.inject.internal.Errors) -> a
    com.google.inject.Key getKey(com.google.inject.TypeLiteral,java.lang.reflect.Member,java.lang.annotation.Annotation[],com.google.inject.internal.Errors) -> a
    java.lang.annotation.Annotation findBindingAnnotation(com.google.inject.internal.Errors,java.lang.reflect.Member,java.lang.annotation.Annotation[]) -> a
    boolean isBindingAnnotation(java.lang.Class) -> d
    java.lang.annotation.Annotation canonicalizeIfNamed(java.lang.annotation.Annotation) -> a
    java.lang.Class canonicalizeIfNamed(java.lang.Class) -> e
com.google.inject.internal.Annotations$AnnotationChecker -> com.a.a.b.g:
    java.util.Collection annotationTypes -> b
    com.google.inject.internal.util.$Function hasAnnotations -> c
    java.util.Map cache -> a
    boolean hasAnnotations(java.lang.Class) -> a
    java.util.Collection access$000(com.google.inject.internal.Annotations$AnnotationChecker) -> a
com.google.inject.internal.Annotations$AnnotationChecker$1 -> com.a.a.b.h:
    com.google.inject.internal.Annotations$AnnotationChecker this$0 -> a
    java.lang.Object apply(java.lang.Object) -> a
com.google.inject.internal.BindingBuilder -> com.a.a.b.i:
    void toInstance(java.lang.Object) -> a
    com.google.inject.internal.BindingBuilder toProvider(com.google.inject.Provider) -> b
    com.google.inject.internal.BindingBuilder toProvider(com.google.inject.Key) -> b
    java.lang.String toString() -> toString
    void copyErrorsToBinder(com.google.inject.ConfigurationException) -> a
    com.google.inject.binder.ScopedBindingBuilder toProvider(com.google.inject.Key) -> a
    com.google.inject.binder.ScopedBindingBuilder toProvider(java.lang.Class) -> a
    com.google.inject.binder.ScopedBindingBuilder toProvider(com.google.inject.Provider) -> a