proguard/usage.txt
com.ruyicai.android.BuildConfig
com.ruyicai.android.R
com.ruyicai.android.R$array
com.ruyicai.android.R$attr
com.ruyicai.android.R$color
com.ruyicai.android.R$drawable
com.ruyicai.android.R$id
com.ruyicai.android.R$layout
com.ruyicai.android.R$string
com.ruyicai.android.R$style
com.ruyicai.android.controller.activity.functions.FunctionsActivity:
    private static final int FUNCTIONS_PAGE_NUM
com.ruyicai.android.controller.activity.home.HomeActivity:
    java.lang.String _fBuyLotteryHallString
    java.lang.String _fMoreString
com.ruyicai.android.controller.activity.home.buylotteryhall.BuyLotteryHallActivity:
    private static final int BOTTOMBAR_BUTTON_LOTTERINFO_ID
    private static final int BOTTOMBAR_BUTTON_ACTIONCENTER_ID
    private static final int BOTTOMBAR_BUTTON_LUCKLYPICK_ID
com.ruyicai.android.controller.activity.home.buylotteryhall.LotteryInformationActivity:
    private com.ruyicai.android.controller.compontent.panel.SelectNumberPanel selectNumberPanel
com.ruyicai.android.controller.activity.home.buylotteryhall.activitygroups.SpinnersActivityGroup:
    private com.ruyicai.android.controller.compontent.bar.LotteryInformationBar _fLotteryInformationBar
com.ruyicai.android.controller.activity.home.buylotteryhall.arrange3.ArrangeThreeGroupSixActivity:
    118:118:public void setNumberBasketButton()
    123:123:public void setClearSelectedNumberButton()
    128:128:public void setAddToNumberBasketButton()
    133:133:public void setBettingButton()
com.ruyicai.android.controller.activity.home.buylotteryhall.arrange3.ArrangeThreeGroupThreeActivity:
    149:149:public void setNumberBasketButton()
    154:154:public void setClearSelectedNumberButton()
    159:159:public void setAddToNumberBasketButton()
    164:164:public void setBettingButton()
com.ruyicai.android.controller.activity.home.buylotteryhall.arrange3.ArrangeThreeSelfSelectActivity:
    166:166:public void setNumberBasketButton()
    171:171:public void setClearSelectedNumberButton()
    176:176:public void setAddToNumberBasketButton()
    181:181:public void setBettingButton()
com.ruyicai.android.controller.activity.home.buylotteryhall.arrange5.ArrangeFiveRandomSelectActivity:
    25:25:public void setNumberBasketButton()
    30:30:public void setClearSelectedNumberButton()
    35:35:public void setAddToNumberBasketButton()
    40:40:public void setBettingButton()
com.ruyicai.android.controller.activity.home.buylotteryhall.arrange5.ArrangeFiveSelfSelectActivity:
    166:166:public void setNumberBasketButton()
    171:171:public void setClearSelectedNumberButton()
    176:176:public void setAddToNumberBasketButton()
    181:181:public void setBettingButton()
com.ruyicai.android.controller.activity.home.buylotteryhall.constantly.ConstantlyBigSmallActivity:
    89:89:public void setNumberBasketButton()
    94:94:public void setClearSelectedNumberButton()
    99:99:public void setAddToNumberBasketButton()
    104:104:public void setBettingButton()
com.ruyicai.android.controller.activity.home.buylotteryhall.constantly.ConstantlyFiveStarActivity:
    151:151:public void setNumberBasketButton()
    156:156:public void setClearSelectedNumberButton()
    161:161:public void setAddToNumberBasketButton()
    166:166:public void setBettingButton()
com.ruyicai.android.controller.activity.home.buylotteryhall.constantly.ConstantlyOneStarActivity:
    79:79:public void setNumberBasketButton()
    84:84:public void setClearSelectedNumberButton()
    89:89:public void setAddToNumberBasketButton()
    94:94:public void setBettingButton()
com.ruyicai.android.controller.activity.home.buylotteryhall.constantly.ConstantlyThreeStarActivity:
    103:103:public void setNumberBasketButton()
    108:108:public void setClearSelectedNumberButton()
    113:113:public void setAddToNumberBasketButton()
    118:118:public void setBettingButton()
...
javax.annotation.Tainted
javax.annotation.Untainted
javax.annotation.WillClose
javax.annotation.WillCloseWhenClosed
javax.annotation.WillNotClose
javax.annotation.concurrent.GuardedBy
javax.annotation.concurrent.Immutable
javax.annotation.concurrent.NotThreadSafe
javax.annotation.concurrent.ThreadSafe
javax.annotation.meta.Exclusive
javax.annotation.meta.Exhaustive
javax.annotation.meta.TypeQualifier
javax.annotation.meta.TypeQualifierDefault
javax.annotation.meta.TypeQualifierNickname
javax.annotation.meta.TypeQualifierValidator
javax.annotation.meta.When
roboguice.RoboGuice:
    105:106:public static void setModulesResourceId(int)
    156:157:public static java.lang.Object injectMembers(android.content.Context,java.lang.Object)
roboguice.RoboGuice$util
roboguice.activity.RoboAccountAuthenticatorActivity:
    roboguice.inject.ContentViewListener ignored
roboguice.activity.RoboActivity:
    roboguice.inject.ContentViewListener ignored
roboguice.activity.RoboActivityGroup:
    roboguice.inject.ContentViewListener ignored
roboguice.activity.RoboExpandableListActivity:
    roboguice.inject.ContentViewListener ignored
roboguice.activity.RoboFragmentActivity:
    roboguice.inject.ContentViewListener ignored
roboguice.activity.RoboLauncherActivity:
    roboguice.inject.ContentViewListener ignored
roboguice.activity.RoboListActivity:
    roboguice.inject.ContentViewListener ignored
roboguice.activity.RoboMapActivity
roboguice.activity.RoboPreferenceActivity:
    roboguice.inject.ContentViewListener ignored
    73:84:public void setPreferenceScreen(android.preference.PreferenceScreen)
    160:160:public java.util.Map getScopedObjectMap()
roboguice.activity.RoboTabActivity:
    roboguice.inject.ContentViewListener ignored
roboguice.activity.event.OnActivityResultEvent:
    24:24:public int getRequestCode()
    28:28:public int getResultCode()
    32:32:public android.content.Intent getData()
roboguice.activity.event.OnConfigurationChangedEvent:
    22:22:public android.content.res.Configuration getOldConfig()
    26:26:public android.content.res.Configuration getNewConfig()
roboguice.activity.event.OnCreateEvent:
    22:22:public android.os.Bundle getSavedInstanceState()
roboguice.adapter.IterableAdapter
roboguice.content.RoboAsyncTaskLoader:
    15:17:public RoboAsyncTaskLoader(android.content.Context)
roboguice.content.RoboContentProvider:
    17:18:public boolean onCreate()
roboguice.content.RoboLoader:
    15:17:public RoboLoader(android.content.Context)
roboguice.event.EventManager:
    protected android.content.Context context
    60:61:public void registerObserver(java.lang.Object,java.lang.reflect.Method,java.lang.Class)
    72:86:public void unregisterObserver(java.lang.Class,roboguice.event.EventListener)
    96:113:public void unregisterObserver(java.lang.Object,java.lang.Class)
roboguice.event.eventListener.AsynchronousEventListenerDecorator:
    21:24:public AsynchronousEventListenerDecorator(android.os.Handler,roboguice.event.EventListener)
roboguice.event.eventListener.ObserverMethodListener:
    41:41:public java.lang.Object getInstance()
roboguice.event.eventListener.RunnableAsyncTaskAdaptor:
    16:18:public RunnableAsyncTaskAdaptor(java.lang.Runnable)
roboguice.event.eventListener.javaassist.RuntimeSupport:
    24:24:public RuntimeSupport()
roboguice.event.javaassist.RuntimeSupport
roboguice.inject.ContentView
roboguice.inject.ContentViewListener
roboguice.inject.ContextScopedProvider